<?xml version="1.0" encoding="UTF-8"?>
<testng-results ignored="0" total="5" passed="5" failed="0" skipped="0">
  <reporter-output>
  </reporter-output>
  <suite started-at="2020-02-01T20:12:27 CET" name="AllTestsSuite" finished-at="2020-02-01T20:16:26 CET" duration-ms="238936">
    <groups>
    </groups>
    <test started-at="2020-02-01T20:12:27 CET" name="My First Selenium TestNG Test" finished-at="2020-02-01T20:16:26 CET" duration-ms="238936">
      <class name="testingMusicStoreChrome">
        <test-method is-config="true" signature="setUp()[pri:0, instance:testingMusicStoreChrome@2145433b]" started-at="2020-02-01T20:12:27 CET" name="setUp" finished-at="2020-02-01T20:12:43 CET" duration-ms="16077" status="PASS">
          <reporter-output>
          </reporter-output>
        </test-method> <!-- setUp -->
        <test-method signature="addElementToCart()[pri:0, instance:testingMusicStoreChrome@2145433b]" started-at="2020-02-01T20:12:43 CET" name="addElementToCart" finished-at="2020-02-01T20:13:25 CET" duration-ms="42237" status="PASS">
          <reporter-output>
          </reporter-output>
        </test-method> <!-- addElementToCart -->
        <test-method is-config="true" signature="setUp()[pri:0, instance:testingMusicStoreChrome@2145433b]" started-at="2020-02-01T20:13:25 CET" name="setUp" finished-at="2020-02-01T20:13:39 CET" duration-ms="14166" status="PASS">
          <reporter-output>
          </reporter-output>
        </test-method> <!-- setUp -->
        <test-method signature="deleteItemFromCart()[pri:0, instance:testingMusicStoreChrome@2145433b]" started-at="2020-02-01T20:13:39 CET" name="deleteItemFromCart" finished-at="2020-02-01T20:14:25 CET" duration-ms="45822" status="PASS">
          <reporter-output>
          </reporter-output>
        </test-method> <!-- deleteItemFromCart -->
        <test-method is-config="true" signature="setUp()[pri:0, instance:testingMusicStoreChrome@2145433b]" started-at="2020-02-01T20:14:25 CET" name="setUp" finished-at="2020-02-01T20:14:40 CET" duration-ms="14936" status="PASS">
          <reporter-output>
          </reporter-output>
        </test-method> <!-- setUp -->
        <test-method signature="signIn()[pri:0, instance:testingMusicStoreChrome@2145433b]" started-at="2020-02-01T20:14:40 CET" name="signIn" finished-at="2020-02-01T20:15:07 CET" duration-ms="26608" status="PASS">
          <reporter-output>
          </reporter-output>
        </test-method> <!-- signIn -->
        <test-method is-config="true" signature="setUp()[pri:0, instance:testingMusicStoreChrome@2145433b]" started-at="2020-02-01T20:15:07 CET" name="setUp" finished-at="2020-02-01T20:15:23 CET" duration-ms="16315" status="PASS">
          <reporter-output>
          </reporter-output>
        </test-method> <!-- setUp -->
        <test-method signature="signInWithNoPassword()[pri:0, instance:testingMusicStoreChrome@2145433b]" started-at="2020-02-01T20:15:23 CET" name="signInWithNoPassword" finished-at="2020-02-01T20:15:35 CET" duration-ms="11574" status="PASS">
          <reporter-output>
          </reporter-output>
        </test-method> <!-- signInWithNoPassword -->
        <test-method is-config="true" signature="setUp()[pri:0, instance:testingMusicStoreChrome@2145433b]" started-at="2020-02-01T20:15:35 CET" name="setUp" finished-at="2020-02-01T20:15:51 CET" duration-ms="15978" status="PASS">
          <reporter-output>
          </reporter-output>
        </test-method> <!-- setUp -->
        <test-method signature="signOut()[pri:0, instance:testingMusicStoreChrome@2145433b]" started-at="2020-02-01T20:15:51 CET" name="signOut" finished-at="2020-02-01T20:16:26 CET" duration-ms="35196" status="PASS">
          <reporter-output>
          </reporter-output>
        </test-method> <!-- signOut -->
      </class> <!-- testingMusicStoreChrome -->
    </test> <!-- My First Selenium TestNG Test -->
  </suite> <!-- AllTestsSuite -->
</testng-results>
