<?xml version="1.0" encoding="UTF-8"?>
<!-- Generated by org.testng.reporters.JUnitXMLReporter -->
<testsuite ignored="0" hostname="DESKTOP-H8G03RG" failures="0" tests="5" name="My First Selenium TestNG Test" time="238.936" errors="0" timestamp="2020-02-01T20:16:26 CET">
  <testcase classname="testingMusicStoreChrome" name="addElementToCart" time="42.237"/>
  <testcase classname="testingMusicStoreChrome" name="deleteItemFromCart" time="45.822"/>
  <testcase classname="testingMusicStoreChrome" name="signIn" time="26.608"/>
  <testcase classname="testingMusicStoreChrome" name="signInWithNoPassword" time="11.574"/>
  <testcase classname="testingMusicStoreChrome" name="signOut" time="35.196"/>
</testsuite> <!-- My First Selenium TestNG Test -->
